-------------------------------------------------------------------------------
Test set: httpServerTests.FilesTests
-------------------------------------------------------------------------------
Tests run: 6, Failures: 0, Errors: 6, Skipped: 0, Time elapsed: 0.017 s <<< FAILURE! - in httpServerTests.FilesTests
listsAllImgsInListingImg  Time elapsed: 0.001 s  <<< ERROR!
java.lang.NullPointerException: Cannot read the array length because "<local7>" is null
	at httpServerTests.FilesTests.listsAllImgsInListingImg(FilesTests.java:90)

listsAllFilesInListing  Time elapsed: 0.003 s  <<< ERROR!
java.lang.NullPointerException: Cannot read the array length because "<local7>" is null
	at httpServerTests.FilesTests.listsAllFilesInListing(FilesTests.java:60)

pdfRequest  Time elapsed: 0.003 s  <<< ERROR!
java.lang.NullPointerException: Cannot read the array length because "<local7>" is null
	at httpServerTests.FilesTests.pdfRequest(FilesTests.java:200)

pngRequest  Time elapsed: 0.003 s  <<< ERROR!
java.lang.NullPointerException: Cannot read the array length because "<local7>" is null
	at httpServerTests.FilesTests.pngRequest(FilesTests.java:173)

jpgRequest  Time elapsed: 0.003 s  <<< ERROR!
java.lang.NullPointerException: Cannot read the array length because "<local7>" is null
	at httpServerTests.FilesTests.jpgRequest(FilesTests.java:146)

jpegRequest  Time elapsed: 0.003 s  <<< ERROR!
java.lang.NullPointerException: Cannot read the array length because "<local7>" is null
	at httpServerTests.FilesTests.jpegRequest(FilesTests.java:119)

