<?xml version="1.0" encoding="UTF-8"?>
<testsuite xmlns:xsi="http://www.w3.org/2001/XMLSchema-instance" xsi:noNamespaceSchemaLocation="https://maven.apache.org/surefire/maven-surefire-plugin/xsd/surefire-test-report.xsd" name="httpServerTests.PingTests" time="0.02" tests="2" errors="0" skipped="0" failures="0">
  <properties>
[...]
</properties>
  <testcase name="pingRespondsAfter1Second" classname="httpServerTests.PingTests" time="0.017"/>
  <testcase name="pingRespondsImmediately" classname="httpServerTests.PingTests" time="0.003"/>
</testsuite>